  main.cpp
h:\openglplace\myproject\opengllearn\learnopenglmorelightings\main.cpp(193): warning C4244: “初始化”: 从“double”转换到“float”，可能丢失数据
h:\openglplace\myproject\opengllearn\learnopenglmorelightings\main.cpp(228): warning C4305: “参数”: 从“double”到“float”截断
h:\openglplace\myproject\opengllearn\learnopenglmorelightings\main.cpp(229): warning C4305: “参数”: 从“double”到“float”截断
h:\openglplace\myproject\opengllearn\learnopenglmorelightings\main.cpp(236): warning C4305: “参数”: 从“double”到“float”截断
h:\openglplace\myproject\opengllearn\learnopenglmorelightings\main.cpp(237): warning C4305: “参数”: 从“double”到“float”截断
h:\openglplace\myproject\opengllearn\learnopenglmorelightings\main.cpp(244): warning C4305: “参数”: 从“double”到“float”截断
h:\openglplace\myproject\opengllearn\learnopenglmorelightings\main.cpp(245): warning C4305: “参数”: 从“double”到“float”截断
h:\openglplace\myproject\opengllearn\learnopenglmorelightings\main.cpp(252): warning C4305: “参数”: 从“double”到“float”截断
h:\openglplace\myproject\opengllearn\learnopenglmorelightings\main.cpp(253): warning C4305: “参数”: 从“double”到“float”截断
h:\openglplace\myproject\opengllearn\learnopenglmorelightings\main.cpp(261): warning C4305: “参数”: 从“double”到“float”截断
h:\openglplace\myproject\opengllearn\learnopenglmorelightings\main.cpp(262): warning C4305: “参数”: 从“double”到“float”截断
h:\openglplace\myproject\opengllearn\learnopenglmorelightings\main.cpp(369): warning C4244: “=”: 从“double”转换到“float”，可能丢失数据
h:\openglplace\myproject\opengllearn\learnopenglmorelightings\main.cpp(370): warning C4244: “=”: 从“double”转换到“float”，可能丢失数据
h:\openglplace\myproject\opengllearn\learnopenglmorelightings\main.cpp(374): warning C4244: “初始化”: 从“double”转换到“float”，可能丢失数据
h:\openglplace\myproject\opengllearn\learnopenglmorelightings\main.cpp(375): warning C4244: “初始化”: 从“double”转换到“float”，可能丢失数据
h:\openglplace\myproject\opengllearn\learnopenglmorelightings\main.cpp(377): warning C4244: “=”: 从“double”转换到“float”，可能丢失数据
h:\openglplace\myproject\opengllearn\learnopenglmorelightings\main.cpp(378): warning C4244: “=”: 从“double”转换到“float”，可能丢失数据
h:\openglplace\myproject\opengllearn\learnopenglmorelightings\main.cpp(387): warning C4244: “参数”: 从“double”转换到“float”，可能丢失数据
  LearnOpenGLMoreLightings.vcxproj -> H:\OpenGLPlace\MyProject\OpenGLLearn\x64\Debug\LearnOpenGLMoreLightings.exe
  LearnOpenGLMoreLightings.vcxproj -> H:\OpenGLPlace\MyProject\OpenGLLearn\x64\Debug\LearnOpenGLMoreLightings.pdb (Full PDB)
